<<<<<<<<<<<<<<<<<<<<<<<<<<<
2017 Apr 09 (Sun): 14:53:50
<<<<<<<<<<<<<<<<<<<<<<<<<<<

==================================================================
 - desired group: 0, sockets = 0
 - pinning rule: PINNING_RULE_DEFAULT
 - skip setting processor groups: there is only 1 processor group.
 - num cores available : 8
 - hyperthreading      : on
 - used mask (uint64_t): 85
 - used mask (string)  : 10101010
==================================================================

========================================
Processing CAD model (for field results)
Version 2016.0 (build 20160122)
2017 Apr 09 (Sun): 14:53:50
========================================

==================================================================================================
== CST Matrix Calculation Priority Log                                                          ==
==================================================================================================
 
Priorities are sorted in ascending order beginning with the lowest priority
 
Priority:   3, shape   1: Horn:flare, material: PEC
 
==================================================================================================
 
===========================================
Finished CAD processing (for field results)
===========================================

>>>>>>>>>>>>>>>>>>>>>>>>>>>
2017 Apr 09 (Sun): 14:53:51
>>>>>>>>>>>>>>>>>>>>>>>>>>>

<<<<<<<<<<<<<<<<<<<<<<<<<<<
2017 Apr 09 (Sun): 14:53:52
<<<<<<<<<<<<<<<<<<<<<<<<<<<

======================
Mesher selection: FPBA
======================

==================================================================
 - desired group: 0, sockets = 0
 - pinning rule: PINNING_RULE_DEFAULT
 - skip setting processor groups: there is only 1 processor group.
 - num cores available : 8
 - hyperthreading      : on
 - used mask (uint64_t): 85
 - used mask (string)  : 10101010
==================================================================

===============================
Processing CAD model
Version 2016.0 (build 20160122)
2017 Apr 09 (Sun): 14:53:52
===============================

---------------------------------------------
Used point accuracy enhancement value: 0.00%.
---------------------------------------------

=============================================================================
Mesh statistics:
-----------------------------------------------------------------------------
Minimum edge length (x): 0.725 @ mesh line 7 (x)
Maximum edge length (x): 2.16 @ mesh line 49 (x)
Minimum face area (x): 0.846 @ mesh lines 5 | 139 (y | z)
Maximum face area (x): 5.38 @ mesh lines 39 | 2 (y | z)
Minimum edge length (y): 0.725 @ mesh line 5 (y)
Maximum edge length (y): 2.16 @ mesh line 39 (y)
Minimum face area (y): 0.846 @ mesh lines 139 | 7 (z | x)
Maximum face area (y): 5.38 @ mesh lines 2 | 49 (z | x)
Minimum edge length (z): 1.17 @ mesh line 139 (z)
Maximum edge length (z): 2.5 @ mesh line 2 (z)
Minimum face area (z): 0.526 @ mesh lines 7 | 5 (x | y)
Maximum face area (z): 4.65 @ mesh lines 49 | 39 (x | y)
Maximum mesh face aspect ratio (x): 3.45 : 1.0  @ mesh lines 5 | 2 (y | z)
Maximum mesh face aspect ratio (y): 3.45 : 1.0  @ mesh lines 2 | 7 (z | x)
Maximum mesh face aspect ratio (z): 2.97 : 1.0  @ mesh lines 49 | 5 (x | y)
=============================================================================

=======================
Finished CAD processing
=======================

------------------------------------------------------------
Parallelization Info
------------------------------------------------------------
Number of concurrent threads: 4
Number of node domains: 4
Number of mesh cells: 288000
------------------------------------------------------------
Node order
0, 2, 1, 3
------------------------------------------------------------

1xN000:  <<<<<<<<<<<<<<<<<<<<<<<<<<<
         2017 Apr 09 (Sun): 14:53:53
         <<<<<<<<<<<<<<<<<<<<<<<<<<<

1xN000:  ==================================================================
          - desired group: 0, sockets = 0
          - pinning rule: PINNING_RULE_DEFAULT
          - skip setting processor groups: there is only 1 processor group.
          - num cores available : 8
          - hyperthreading      : on
          - used mask (uint64_t): 85
          - used mask (string)  : 10101010
         ==================================================================

1xN000:  ==========================================
         Matrix computation (FPBA)
         	[FPBA accuracy enhancement is enabled]
         Version 2016.0 (build 20160122)
         2017 Apr 09 (Sun): 14:53:53
         ==========================================

1xN000:  ------------------------------------------------------------------------------
         PBA fill limit is applied in inverse mode.
         PBA fill limit is applied on faces filled with at least 96.95% metal material.
         --------------------------------------------------------------
         detailed accuracy settings:
         --------------------------------------------------------------
         augmented fill limit:       true
         augmented fill limit value: 96.95
         automatic fill limit:       true
         early fill limit:           true
         inverse fill limit:         true
         model complexity:           0.00
         legacy 2015:                false
         fixed point accuracy:       false
         minimum point accuracy:     0
         mesh step inheritance:      false
         accuracy mode:
         ------------------------------------------------------------------------------

1xN000:  ==================================
         Finished matrix computation (FPBA)
         ==================================

1xN000:  >>>>>>>>>>>>>>>>>>>>>>>>>>>
         2017 Apr 09 (Sun): 14:53:56
         >>>>>>>>>>>>>>>>>>>>>>>>>>>



1xN001:  <<<<<<<<<<<<<<<<<<<<<<<<<<<
         2017 Apr 09 (Sun): 14:53:53
         <<<<<<<<<<<<<<<<<<<<<<<<<<<

1xN001:  ==================================================================
          - desired group: 0, sockets = 0
          - pinning rule: PINNING_RULE_DEFAULT
          - skip setting processor groups: there is only 1 processor group.
          - num cores available : 8
          - hyperthreading      : on
          - used mask (uint64_t): 85
          - used mask (string)  : 10101010
         ==================================================================

1xN001:  ==========================================
         Matrix computation (FPBA)
         	[FPBA accuracy enhancement is enabled]
         Version 2016.0 (build 20160122)
         2017 Apr 09 (Sun): 14:53:53
         ==========================================

1xN001:  ------------------------------------------------------------------------------
         PBA fill limit is applied in inverse mode.
         PBA fill limit is applied on faces filled with at least 96.95% metal material.
         --------------------------------------------------------------
         detailed accuracy settings:
         --------------------------------------------------------------
         augmented fill limit:       true
         augmented fill limit value: 96.95
         automatic fill limit:       true
         early fill limit:           true
         inverse fill limit:         true
         model complexity:           0.00
         legacy 2015:                false
         fixed point accuracy:       false
         minimum point accuracy:     0
         mesh step inheritance:      false
         accuracy mode:
         ------------------------------------------------------------------------------

1xN001:  ==================================
         Finished matrix computation (FPBA)
         ==================================

1xN001:  >>>>>>>>>>>>>>>>>>>>>>>>>>>
         2017 Apr 09 (Sun): 14:53:58
         >>>>>>>>>>>>>>>>>>>>>>>>>>>



1xN002:  <<<<<<<<<<<<<<<<<<<<<<<<<<<
         2017 Apr 09 (Sun): 14:53:53
         <<<<<<<<<<<<<<<<<<<<<<<<<<<

1xN002:  ==================================================================
          - desired group: 0, sockets = 0
          - pinning rule: PINNING_RULE_DEFAULT
          - skip setting processor groups: there is only 1 processor group.
          - num cores available : 8
          - hyperthreading      : on
          - used mask (uint64_t): 85
          - used mask (string)  : 10101010
         ==================================================================

1xN002:  ==========================================
         Matrix computation (FPBA)
         	[FPBA accuracy enhancement is enabled]
         Version 2016.0 (build 20160122)
         2017 Apr 09 (Sun): 14:53:53
         ==========================================

1xN002:  ------------------------------------------------------------------------------
         PBA fill limit is applied in inverse mode.
         PBA fill limit is applied on faces filled with at least 96.95% metal material.
         --------------------------------------------------------------
         detailed accuracy settings:
         --------------------------------------------------------------
         augmented fill limit:       true
         augmented fill limit value: 96.95
         automatic fill limit:       true
         early fill limit:           true
         inverse fill limit:         true
         model complexity:           0.00
         legacy 2015:                false
         fixed point accuracy:       false
         minimum point accuracy:     0
         mesh step inheritance:      false
         accuracy mode:
         ------------------------------------------------------------------------------

1xN002:  ==================================
         Finished matrix computation (FPBA)
         ==================================

1xN002:  >>>>>>>>>>>>>>>>>>>>>>>>>>>
         2017 Apr 09 (Sun): 14:54:00
         >>>>>>>>>>>>>>>>>>>>>>>>>>>



1xN003:  <<<<<<<<<<<<<<<<<<<<<<<<<<<
         2017 Apr 09 (Sun): 14:53:53
         <<<<<<<<<<<<<<<<<<<<<<<<<<<

1xN003:  ==================================================================
          - desired group: 0, sockets = 0
          - pinning rule: PINNING_RULE_DEFAULT
          - skip setting processor groups: there is only 1 processor group.
          - num cores available : 8
          - hyperthreading      : on
          - used mask (uint64_t): 85
          - used mask (string)  : 10101010
         ==================================================================

1xN003:  ==========================================
         Matrix computation (FPBA)
         	[FPBA accuracy enhancement is enabled]
         Version 2016.0 (build 20160122)
         2017 Apr 09 (Sun): 14:53:53
         ==========================================

1xN003:  ------------------------------------------------------------------------------
         PBA fill limit is applied in inverse mode.
         PBA fill limit is applied on faces filled with at least 96.95% metal material.
         --------------------------------------------------------------
         detailed accuracy settings:
         --------------------------------------------------------------
         augmented fill limit:       true
         augmented fill limit value: 96.95
         automatic fill limit:       true
         early fill limit:           true
         inverse fill limit:         true
         model complexity:           0.00
         legacy 2015:                false
         fixed point accuracy:       false
         minimum point accuracy:     0
         mesh step inheritance:      false
         accuracy mode:
         ------------------------------------------------------------------------------

1xN003:  ==================================
         Finished matrix computation (FPBA)
         ==================================

1xN003:  >>>>>>>>>>>>>>>>>>>>>>>>>>>
         2017 Apr 09 (Sun): 14:53:59
         >>>>>>>>>>>>>>>>>>>>>>>>>>>



>>>>>>>>>>>>>>>>>>>>>>>>>>>
2017 Apr 09 (Sun): 14:54:01
>>>>>>>>>>>>>>>>>>>>>>>>>>>

--------------------------------
# of staircase filled cells: 0
# of staircase filled areas: 0
# of staircase filled edges: 0
# of faces above fill limit: 0
# of edges with FPBA topology: 0
--------------------------------

