Port monitor named: Port1_h1.prt

nx        = 51
ny        = 41
nz        = 145

nu        = 8
nv        = 5
iu        = 1
iv        = 1

idir      = 2
dcut      = 0.000000e+000
icut      = 4
type      = 1
frequency = 1.000000e+010

fcutoff   = 6.553713e+009
alpha     = 0.000000e+000
beta      = 1.583006e+002
accuracy  = 2.899660e-014

type          = TE
wave imp.     = 4.987778e+002
wave imp.sig. = 6.152221e-006
line imp.     = 0.000000e+000

ref. port     = 0

-4.171010e+000  -4.000626e+000  -3.503396e+000  -2.719941e+000  -1.890913e+000  -1.287297e+000  -6.517355e-001  0.000000e+000  
-4.171010e+000  -4.000626e+000  -3.503396e+000  -2.719941e+000  -1.890913e+000  -1.287297e+000  -6.517355e-001  0.000000e+000  
-4.171010e+000  -4.000626e+000  -3.503396e+000  -2.719941e+000  -1.890913e+000  -1.287297e+000  -6.517355e-001  0.000000e+000  
-4.171010e+000  -4.000626e+000  -3.503396e+000  -2.719941e+000  -1.890913e+000  -1.287297e+000  -6.517355e-001  0.000000e+000  
0.000000e+000  0.000000e+000  0.000000e+000  0.000000e+000  0.000000e+000  0.000000e+000  0.000000e+000  0.000000e+000  

0.000000e+000  0.000000e+000  0.000000e+000  0.000000e+000  0.000000e+000  0.000000e+000  0.000000e+000  0.000000e+000  
7.956294e-009  2.313125e-008  3.660351e-008  2.431802e-008  3.711435e-009  5.991657e-010  -6.895307e-010  0.000000e+000  
5.218428e-009  1.491415e-008  2.150686e-008  1.481470e-008  5.528025e-009  2.101844e-009  7.192045e-010  0.000000e+000  
2.571411e-009  7.257747e-009  1.000031e-008  7.101528e-009  3.367558e-009  1.560796e-009  7.596112e-010  0.000000e+000  
0.000000e+000  0.000000e+000  0.000000e+000  0.000000e+000  0.000000e+000  0.000000e+000  0.000000e+000  0.000000e+000  

0.000000e+000  0.000000e+000  0.000000e+000  0.000000e+000  0.000000e+000  0.000000e+000  0.000000e+000  0.000000e+000  
0.000000e+000  0.000000e+000  0.000000e+000  0.000000e+000  0.000000e+000  0.000000e+000  0.000000e+000  0.000000e+000  
0.000000e+000  0.000000e+000  0.000000e+000  0.000000e+000  0.000000e+000  0.000000e+000  0.000000e+000  0.000000e+000  
0.000000e+000  0.000000e+000  0.000000e+000  0.000000e+000  0.000000e+000  0.000000e+000  0.000000e+000  0.000000e+000  
0.000000e+000  0.000000e+000  0.000000e+000  0.000000e+000  0.000000e+000  0.000000e+000  0.000000e+000  0.000000e+000  

0.000000e+000  0.000000e+000  0.000000e+000  0.000000e+000  0.000000e+000  0.000000e+000  0.000000e+000  0.000000e+000  
0.000000e+000  0.000000e+000  0.000000e+000  0.000000e+000  0.000000e+000  0.000000e+000  0.000000e+000  0.000000e+000  
0.000000e+000  0.000000e+000  0.000000e+000  0.000000e+000  0.000000e+000  0.000000e+000  0.000000e+000  0.000000e+000  
0.000000e+000  0.000000e+000  0.000000e+000  0.000000e+000  0.000000e+000  0.000000e+000  0.000000e+000  0.000000e+000  
0.000000e+000  0.000000e+000  0.000000e+000  0.000000e+000  0.000000e+000  0.000000e+000  0.000000e+000  0.000000e+000  

0.000000e+000  0.000000e+000  0.000000e+000  0.000000e+000  0.000000e+000  0.000000e+000  0.000000e+000  0.000000e+000  
0.000000e+000  0.000000e+000  0.000000e+000  0.000000e+000  0.000000e+000  0.000000e+000  0.000000e+000  0.000000e+000  
0.000000e+000  0.000000e+000  0.000000e+000  0.000000e+000  0.000000e+000  0.000000e+000  0.000000e+000  0.000000e+000  
0.000000e+000  0.000000e+000  0.000000e+000  0.000000e+000  0.000000e+000  0.000000e+000  0.000000e+000  0.000000e+000  
0.000000e+000  0.000000e+000  0.000000e+000  0.000000e+000  0.000000e+000  0.000000e+000  0.000000e+000  0.000000e+000  

-5.172298e-001  -1.509432e+000  -2.378316e+000  -2.998677e+000  -3.324704e+000  -3.500664e+000  -3.589749e+000  -0.000000e+000  
-5.172298e-001  -1.509432e+000  -2.378316e+000  -2.998677e+000  -3.324703e+000  -3.500664e+000  -3.589749e+000  -0.000000e+000  
-5.172298e-001  -1.509432e+000  -2.378316e+000  -2.998677e+000  -3.324703e+000  -3.500664e+000  -3.589749e+000  -0.000000e+000  
-5.172298e-001  -1.509432e+000  -2.378316e+000  -2.998677e+000  -3.324703e+000  -3.500664e+000  -3.589749e+000  -0.000000e+000  
-0.000000e+000  -0.000000e+000  -0.000000e+000  -0.000000e+000  -0.000000e+000  -0.000000e+000  -0.000000e+000  -0.000000e+000  

