Port monitor named: Port1_e1.prt

nx        = 51
ny        = 41
nz        = 145

nu        = 8
nv        = 5
iu        = 1
iv        = 1

idir      = 2
dcut      = 0.000000e+000
icut      = 4
type      = 0
frequency = 1.000000e+010

fcutoff   = 6.553713e+009
alpha     = 0.000000e+000
beta      = 1.583006e+002
accuracy  = 2.899660e-014

type          = TE
wave imp.     = 4.987778e+002
wave imp.sig. = 6.152221e-006
line imp.     = 0.000000e+000

ref. port     = 0

0.000000e+000  0.000000e+000  0.000000e+000  0.000000e+000  0.000000e+000  0.000000e+000  0.000000e+000  0.000000e+000  
3.629806e-006  1.085295e-005  1.954119e-005  -2.129314e-005  8.139089e-006  1.137584e-005  1.277039e-005  0.000000e+000  
2.371158e-006  6.768838e-006  8.922225e-006  -6.251110e-006  2.808646e-006  6.155091e-006  7.529210e-006  0.000000e+000  
1.157257e-006  3.186178e-006  3.617554e-006  -1.490458e-006  1.154387e-006  2.710411e-006  3.446910e-006  0.000000e+000  
0.000000e+000  0.000000e+000  0.000000e+000  0.000000e+000  0.000000e+000  0.000000e+000  0.000000e+000  0.000000e+000  

2.080407e+003  1.995424e+003  1.747416e+003  1.356646e+003  9.431452e+002  6.420753e+002  3.250712e+002  0.000000e+000  
2.080407e+003  1.995424e+003  1.747416e+003  1.356646e+003  9.431452e+002  6.420753e+002  3.250712e+002  0.000000e+000  
2.080407e+003  1.995424e+003  1.747416e+003  1.356646e+003  9.431452e+002  6.420753e+002  3.250712e+002  0.000000e+000  
2.080407e+003  1.995424e+003  1.747416e+003  1.356646e+003  9.431452e+002  6.420753e+002  3.250712e+002  0.000000e+000  
0.000000e+000  0.000000e+000  0.000000e+000  0.000000e+000  0.000000e+000  0.000000e+000  0.000000e+000  0.000000e+000  

0.000000e+000  0.000000e+000  0.000000e+000  0.000000e+000  0.000000e+000  0.000000e+000  0.000000e+000  0.000000e+000  
0.000000e+000  0.000000e+000  0.000000e+000  0.000000e+000  0.000000e+000  0.000000e+000  0.000000e+000  0.000000e+000  
0.000000e+000  0.000000e+000  0.000000e+000  0.000000e+000  0.000000e+000  0.000000e+000  0.000000e+000  0.000000e+000  
0.000000e+000  0.000000e+000  0.000000e+000  0.000000e+000  0.000000e+000  0.000000e+000  0.000000e+000  0.000000e+000  
0.000000e+000  0.000000e+000  0.000000e+000  0.000000e+000  0.000000e+000  0.000000e+000  0.000000e+000  0.000000e+000  

0.000000e+000  0.000000e+000  0.000000e+000  0.000000e+000  0.000000e+000  0.000000e+000  0.000000e+000  0.000000e+000  
0.000000e+000  0.000000e+000  0.000000e+000  0.000000e+000  0.000000e+000  0.000000e+000  0.000000e+000  0.000000e+000  
0.000000e+000  0.000000e+000  0.000000e+000  0.000000e+000  0.000000e+000  0.000000e+000  0.000000e+000  0.000000e+000  
0.000000e+000  0.000000e+000  0.000000e+000  0.000000e+000  0.000000e+000  0.000000e+000  0.000000e+000  0.000000e+000  
0.000000e+000  0.000000e+000  0.000000e+000  0.000000e+000  0.000000e+000  0.000000e+000  0.000000e+000  0.000000e+000  

0.000000e+000  0.000000e+000  0.000000e+000  0.000000e+000  0.000000e+000  0.000000e+000  0.000000e+000  0.000000e+000  
0.000000e+000  0.000000e+000  0.000000e+000  0.000000e+000  0.000000e+000  0.000000e+000  0.000000e+000  0.000000e+000  
0.000000e+000  0.000000e+000  0.000000e+000  0.000000e+000  0.000000e+000  0.000000e+000  0.000000e+000  0.000000e+000  
0.000000e+000  0.000000e+000  0.000000e+000  0.000000e+000  0.000000e+000  0.000000e+000  0.000000e+000  0.000000e+000  
0.000000e+000  0.000000e+000  0.000000e+000  0.000000e+000  0.000000e+000  0.000000e+000  0.000000e+000  0.000000e+000  

0.000000e+000  0.000000e+000  0.000000e+000  0.000000e+000  0.000000e+000  0.000000e+000  0.000000e+000  0.000000e+000  
-3.620456e-006  -3.508910e-006  -3.283456e-006  -3.706481e-006  5.533641e-006  4.392042e-006  2.380964e-006  0.000000e+000  
-2.424357e-006  -2.348039e-006  -2.127327e-006  -1.532759e-006  2.238317e-006  2.228987e-006  1.301835e-006  0.000000e+000  
-1.214532e-006  -1.173254e-006  -1.030346e-006  -5.789222e-007  8.123984e-007  9.077647e-007  5.570156e-007  0.000000e+000  
0.000000e+000  0.000000e+000  0.000000e+000  0.000000e+000  0.000000e+000  0.000000e+000  0.000000e+000  0.000000e+000  

