<<<<<<<<<<<<<<<<<<<<<<<<<<<
2017 Apr 06 (Thu): 22:18:24
<<<<<<<<<<<<<<<<<<<<<<<<<<<

======================
Mesher selection: FPBA
======================

==================================================================
 - desired group: 0, sockets = 0
 - pinning rule: PINNING_RULE_DEFAULT
 - skip setting processor groups: there is only 1 processor group.
 - num cores available : 8
 - hyperthreading      : on
 - used mask (uint64_t): 85
 - used mask (string)  : 10101010
==================================================================

========================================
Processing CAD model (for field results)
Version 2016.0 (build 20160122)
2017 Apr 06 (Thu): 22:18:24
========================================

==================================================================================================
== CST Matrix Calculation Priority Log                                                          ==
==================================================================================================
 
Priorities are sorted in ascending order beginning with the lowest priority
 
Priority:   3, shape   1: component1:wg, material: Measured
 
==================================================================================================
 
===========================================
Finished CAD processing (for field results)
===========================================

===============================
Processing CAD model
Version 2016.0 (build 20160122)
2017 Apr 06 (Thu): 22:18:25
===============================

----------------------------------------------
Used point accuracy enhancement value: 75.00%.
----------------------------------------------

=============================================================================
Mesh statistics:
-----------------------------------------------------------------------------
Minimum edge length (x): 1.63 @ mesh line 10 (x)
Maximum edge length (x): 1.63 @ mesh line 13 (x)
Minimum face area (x): 2.4 @ mesh lines 6 | 112 (y | z)
Maximum face area (x): 2.4 @ mesh lines 4 | 83 (y | z)
Minimum edge length (y): 1.45 @ mesh line 6 (y)
Maximum edge length (y): 1.45 @ mesh line 4 (y)
Minimum face area (y): 2.7 @ mesh lines 112 | 10 (z | x)
Maximum face area (y): 2.7 @ mesh lines 83 | 13 (z | x)
Minimum edge length (z): 1.65 @ mesh line 112 (z)
Maximum edge length (z): 1.65 @ mesh line 83 (z)
Minimum face area (z): 2.37 @ mesh lines 10 | 6 (x | y)
Maximum face area (z): 2.37 @ mesh lines 13 | 4 (x | y)
Maximum mesh face aspect ratio (x): 1.14 : 1.0  @ mesh lines 6 | 83 (y | z)
Maximum mesh face aspect ratio (y): 1.01 : 1.0  @ mesh lines 83 | 10 (z | x)
Maximum mesh face aspect ratio (z): 1.13 : 1.0  @ mesh lines 13 | 6 (x | y)
=============================================================================

=======================
Finished CAD processing
=======================

------------------------------------------------------------
Parallelization Info
------------------------------------------------------------
Number of concurrent threads: 1
Number of node domains: 1
Number of mesh cells: 11270
------------------------------------------------------------
Node order
0
------------------------------------------------------------

1xN000:  <<<<<<<<<<<<<<<<<<<<<<<<<<<
         2017 Apr 06 (Thu): 22:18:25
         <<<<<<<<<<<<<<<<<<<<<<<<<<<

1xN000:  ==================================================================
          - desired group: 0, sockets = 0
          - pinning rule: PINNING_RULE_DEFAULT
          - skip setting processor groups: there is only 1 processor group.
          - num cores available : 8
          - hyperthreading      : on
          - used mask (uint64_t): 85
          - used mask (string)  : 10101010
         ==================================================================

1xN000:  ==========================================
         Matrix computation (FPBA)
         	[FPBA accuracy enhancement is enabled]
         Version 2016.0 (build 20160122)
         2017 Apr 06 (Thu): 22:18:25
         ==========================================

1xN000:  ------------------------------------------------------------------------------
         PBA fill limit is applied in inverse mode.
         PBA fill limit is applied on faces filled with at least 99.00% metal material.
         --------------------------------------------------------------
         detailed accuracy settings:
         --------------------------------------------------------------
         augmented fill limit:       true
         augmented fill limit value: 99.00
         automatic fill limit:       true
         early fill limit:           true
         inverse fill limit:         true
         model complexity:           0.00
         legacy 2015:                false
         fixed point accuracy:       false
         minimum point accuracy:     0
         mesh step inheritance:      false
         accuracy mode:
         ------------------------------------------------------------------------------

1xN000:  ==================================
         Finished matrix computation (FPBA)
         ==================================

1xN000:  >>>>>>>>>>>>>>>>>>>>>>>>>>>
         2017 Apr 06 (Thu): 22:18:27
         >>>>>>>>>>>>>>>>>>>>>>>>>>>



>>>>>>>>>>>>>>>>>>>>>>>>>>>
2017 Apr 06 (Thu): 22:18:28
>>>>>>>>>>>>>>>>>>>>>>>>>>>

--------------------------------
# of staircase filled cells: 0
# of staircase filled areas: 0
# of staircase filled edges: 0
# of faces above fill limit: 0
# of edges with FPBA topology: 0
--------------------------------

--------------------------------
# of staircase filled cells: 0
# of staircase filled areas: 0
# of staircase filled edges: 0
# of faces above fill limit: 0
# of edges with FPBA topology: 0
--------------------------------

