Port monitor named: Port1_h1.prt

nx        = 15
ny        = 8
nz        = 116

nu        = 15
nv        = 8
iu        = 1
iv        = 1

idir      = 2
dcut      = 0.000000e+000
icut      = 1
type      = 1
frequency = 1.000000e+010

fcutoff   = 6.543391e+009
alpha     = 0.000000e+000
beta      = 1.584881e+002
accuracy  = 1.596751e-014

type          = TE
wave imp.     = 4.981879e+002
wave imp.sig. = 4.156715e-013
line imp.     = 0.000000e+000

ref. port     = 0

0.000000e+000  -9.251334e-001  -1.803877e+000  -2.592166e+000  -3.250473e+000  -3.745789e+000  -4.053274e+000  -4.157512e+000  -4.053274e+000  -3.745789e+000  -3.250473e+000  -2.592166e+000  -1.803877e+000  -9.251334e-001  0.000000e+000  
0.000000e+000  -9.251334e-001  -1.803877e+000  -2.592166e+000  -3.250473e+000  -3.745789e+000  -4.053274e+000  -4.157512e+000  -4.053274e+000  -3.745789e+000  -3.250473e+000  -2.592166e+000  -1.803877e+000  -9.251334e-001  0.000000e+000  
0.000000e+000  -9.251334e-001  -1.803877e+000  -2.592166e+000  -3.250473e+000  -3.745789e+000  -4.053274e+000  -4.157512e+000  -4.053274e+000  -3.745789e+000  -3.250473e+000  -2.592166e+000  -1.803877e+000  -9.251334e-001  0.000000e+000  
0.000000e+000  -9.251334e-001  -1.803877e+000  -2.592166e+000  -3.250473e+000  -3.745789e+000  -4.053274e+000  -4.157512e+000  -4.053274e+000  -3.745789e+000  -3.250473e+000  -2.592166e+000  -1.803877e+000  -9.251334e-001  0.000000e+000  
0.000000e+000  -9.251334e-001  -1.803877e+000  -2.592166e+000  -3.250473e+000  -3.745789e+000  -4.053274e+000  -4.157512e+000  -4.053274e+000  -3.745789e+000  -3.250473e+000  -2.592166e+000  -1.803877e+000  -9.251334e-001  0.000000e+000  
0.000000e+000  -9.251334e-001  -1.803877e+000  -2.592166e+000  -3.250473e+000  -3.745789e+000  -4.053274e+000  -4.157512e+000  -4.053274e+000  -3.745789e+000  -3.250473e+000  -2.592166e+000  -1.803877e+000  -9.251334e-001  0.000000e+000  
0.000000e+000  -9.251334e-001  -1.803877e+000  -2.592166e+000  -3.250473e+000  -3.745789e+000  -4.053274e+000  -4.157512e+000  -4.053274e+000  -3.745789e+000  -3.250473e+000  -2.592166e+000  -1.803877e+000  -9.251334e-001  0.000000e+000  
0.000000e+000  0.000000e+000  0.000000e+000  0.000000e+000  0.000000e+000  0.000000e+000  0.000000e+000  0.000000e+000  0.000000e+000  0.000000e+000  0.000000e+000  0.000000e+000  0.000000e+000  0.000000e+000  0.000000e+000  

0.000000e+000  0.000000e+000  0.000000e+000  0.000000e+000  0.000000e+000  0.000000e+000  0.000000e+000  0.000000e+000  0.000000e+000  0.000000e+000  0.000000e+000  0.000000e+000  0.000000e+000  0.000000e+000  0.000000e+000  
0.000000e+000  0.000000e+000  0.000000e+000  0.000000e+000  0.000000e+000  0.000000e+000  0.000000e+000  0.000000e+000  0.000000e+000  0.000000e+000  0.000000e+000  0.000000e+000  0.000000e+000  0.000000e+000  0.000000e+000  
0.000000e+000  0.000000e+000  0.000000e+000  0.000000e+000  0.000000e+000  0.000000e+000  0.000000e+000  0.000000e+000  0.000000e+000  0.000000e+000  0.000000e+000  0.000000e+000  0.000000e+000  0.000000e+000  0.000000e+000  
0.000000e+000  0.000000e+000  0.000000e+000  0.000000e+000  0.000000e+000  0.000000e+000  0.000000e+000  0.000000e+000  0.000000e+000  0.000000e+000  0.000000e+000  0.000000e+000  0.000000e+000  0.000000e+000  0.000000e+000  
0.000000e+000  0.000000e+000  0.000000e+000  0.000000e+000  0.000000e+000  0.000000e+000  0.000000e+000  0.000000e+000  0.000000e+000  0.000000e+000  0.000000e+000  0.000000e+000  0.000000e+000  0.000000e+000  0.000000e+000  
0.000000e+000  0.000000e+000  0.000000e+000  0.000000e+000  0.000000e+000  0.000000e+000  0.000000e+000  0.000000e+000  0.000000e+000  0.000000e+000  0.000000e+000  0.000000e+000  0.000000e+000  0.000000e+000  0.000000e+000  
0.000000e+000  0.000000e+000  0.000000e+000  0.000000e+000  0.000000e+000  0.000000e+000  0.000000e+000  0.000000e+000  0.000000e+000  0.000000e+000  0.000000e+000  0.000000e+000  0.000000e+000  0.000000e+000  0.000000e+000  
0.000000e+000  0.000000e+000  0.000000e+000  0.000000e+000  0.000000e+000  0.000000e+000  0.000000e+000  0.000000e+000  0.000000e+000  0.000000e+000  0.000000e+000  0.000000e+000  0.000000e+000  0.000000e+000  0.000000e+000  

0.000000e+000  0.000000e+000  0.000000e+000  0.000000e+000  0.000000e+000  0.000000e+000  0.000000e+000  0.000000e+000  0.000000e+000  0.000000e+000  0.000000e+000  0.000000e+000  0.000000e+000  0.000000e+000  0.000000e+000  
0.000000e+000  0.000000e+000  0.000000e+000  0.000000e+000  0.000000e+000  0.000000e+000  0.000000e+000  0.000000e+000  0.000000e+000  0.000000e+000  0.000000e+000  0.000000e+000  0.000000e+000  0.000000e+000  0.000000e+000  
0.000000e+000  0.000000e+000  0.000000e+000  0.000000e+000  0.000000e+000  0.000000e+000  0.000000e+000  0.000000e+000  0.000000e+000  0.000000e+000  0.000000e+000  0.000000e+000  0.000000e+000  0.000000e+000  0.000000e+000  
0.000000e+000  0.000000e+000  0.000000e+000  0.000000e+000  0.000000e+000  0.000000e+000  0.000000e+000  0.000000e+000  0.000000e+000  0.000000e+000  0.000000e+000  0.000000e+000  0.000000e+000  0.000000e+000  0.000000e+000  
0.000000e+000  0.000000e+000  0.000000e+000  0.000000e+000  0.000000e+000  0.000000e+000  0.000000e+000  0.000000e+000  0.000000e+000  0.000000e+000  0.000000e+000  0.000000e+000  0.000000e+000  0.000000e+000  0.000000e+000  
0.000000e+000  0.000000e+000  0.000000e+000  0.000000e+000  0.000000e+000  0.000000e+000  0.000000e+000  0.000000e+000  0.000000e+000  0.000000e+000  0.000000e+000  0.000000e+000  0.000000e+000  0.000000e+000  0.000000e+000  
0.000000e+000  0.000000e+000  0.000000e+000  0.000000e+000  0.000000e+000  0.000000e+000  0.000000e+000  0.000000e+000  0.000000e+000  0.000000e+000  0.000000e+000  0.000000e+000  0.000000e+000  0.000000e+000  0.000000e+000  
0.000000e+000  0.000000e+000  0.000000e+000  0.000000e+000  0.000000e+000  0.000000e+000  0.000000e+000  0.000000e+000  0.000000e+000  0.000000e+000  0.000000e+000  0.000000e+000  0.000000e+000  0.000000e+000  0.000000e+000  

0.000000e+000  0.000000e+000  0.000000e+000  0.000000e+000  0.000000e+000  0.000000e+000  0.000000e+000  0.000000e+000  0.000000e+000  0.000000e+000  0.000000e+000  0.000000e+000  0.000000e+000  0.000000e+000  0.000000e+000  
0.000000e+000  0.000000e+000  0.000000e+000  0.000000e+000  0.000000e+000  0.000000e+000  0.000000e+000  0.000000e+000  0.000000e+000  0.000000e+000  0.000000e+000  0.000000e+000  0.000000e+000  0.000000e+000  0.000000e+000  
0.000000e+000  0.000000e+000  0.000000e+000  0.000000e+000  0.000000e+000  0.000000e+000  0.000000e+000  0.000000e+000  0.000000e+000  0.000000e+000  0.000000e+000  0.000000e+000  0.000000e+000  0.000000e+000  0.000000e+000  
0.000000e+000  0.000000e+000  0.000000e+000  0.000000e+000  0.000000e+000  0.000000e+000  0.000000e+000  0.000000e+000  0.000000e+000  0.000000e+000  0.000000e+000  0.000000e+000  0.000000e+000  0.000000e+000  0.000000e+000  
0.000000e+000  0.000000e+000  0.000000e+000  0.000000e+000  0.000000e+000  0.000000e+000  0.000000e+000  0.000000e+000  0.000000e+000  0.000000e+000  0.000000e+000  0.000000e+000  0.000000e+000  0.000000e+000  0.000000e+000  
0.000000e+000  0.000000e+000  0.000000e+000  0.000000e+000  0.000000e+000  0.000000e+000  0.000000e+000  0.000000e+000  0.000000e+000  0.000000e+000  0.000000e+000  0.000000e+000  0.000000e+000  0.000000e+000  0.000000e+000  
0.000000e+000  0.000000e+000  0.000000e+000  0.000000e+000  0.000000e+000  0.000000e+000  0.000000e+000  0.000000e+000  0.000000e+000  0.000000e+000  0.000000e+000  0.000000e+000  0.000000e+000  0.000000e+000  0.000000e+000  
0.000000e+000  0.000000e+000  0.000000e+000  0.000000e+000  0.000000e+000  0.000000e+000  0.000000e+000  0.000000e+000  0.000000e+000  0.000000e+000  0.000000e+000  0.000000e+000  0.000000e+000  0.000000e+000  0.000000e+000  

0.000000e+000  0.000000e+000  0.000000e+000  0.000000e+000  0.000000e+000  0.000000e+000  0.000000e+000  0.000000e+000  0.000000e+000  0.000000e+000  0.000000e+000  0.000000e+000  0.000000e+000  0.000000e+000  0.000000e+000  
0.000000e+000  0.000000e+000  0.000000e+000  0.000000e+000  0.000000e+000  0.000000e+000  0.000000e+000  0.000000e+000  0.000000e+000  0.000000e+000  0.000000e+000  0.000000e+000  0.000000e+000  0.000000e+000  0.000000e+000  
0.000000e+000  0.000000e+000  0.000000e+000  0.000000e+000  0.000000e+000  0.000000e+000  0.000000e+000  0.000000e+000  0.000000e+000  0.000000e+000  0.000000e+000  0.000000e+000  0.000000e+000  0.000000e+000  0.000000e+000  
0.000000e+000  0.000000e+000  0.000000e+000  0.000000e+000  0.000000e+000  0.000000e+000  0.000000e+000  0.000000e+000  0.000000e+000  0.000000e+000  0.000000e+000  0.000000e+000  0.000000e+000  0.000000e+000  0.000000e+000  
0.000000e+000  0.000000e+000  0.000000e+000  0.000000e+000  0.000000e+000  0.000000e+000  0.000000e+000  0.000000e+000  0.000000e+000  0.000000e+000  0.000000e+000  0.000000e+000  0.000000e+000  0.000000e+000  0.000000e+000  
0.000000e+000  0.000000e+000  0.000000e+000  0.000000e+000  0.000000e+000  0.000000e+000  0.000000e+000  0.000000e+000  0.000000e+000  0.000000e+000  0.000000e+000  0.000000e+000  0.000000e+000  0.000000e+000  0.000000e+000  
0.000000e+000  0.000000e+000  0.000000e+000  0.000000e+000  0.000000e+000  0.000000e+000  0.000000e+000  0.000000e+000  0.000000e+000  0.000000e+000  0.000000e+000  0.000000e+000  0.000000e+000  0.000000e+000  0.000000e+000  
0.000000e+000  0.000000e+000  0.000000e+000  0.000000e+000  0.000000e+000  0.000000e+000  0.000000e+000  0.000000e+000  0.000000e+000  0.000000e+000  0.000000e+000  0.000000e+000  0.000000e+000  0.000000e+000  0.000000e+000  

3.574864e+000  3.395605e+000  3.046077e+000  2.543805e+000  1.913977e+000  1.188174e+000  4.027904e-001  -4.027904e-001  -1.188174e+000  -1.913977e+000  -2.543805e+000  -3.046077e+000  -3.395605e+000  -3.574864e+000  -0.000000e+000  
3.574864e+000  3.395605e+000  3.046077e+000  2.543805e+000  1.913977e+000  1.188174e+000  4.027904e-001  -4.027904e-001  -1.188174e+000  -1.913977e+000  -2.543805e+000  -3.046077e+000  -3.395605e+000  -3.574864e+000  -0.000000e+000  
3.574864e+000  3.395605e+000  3.046077e+000  2.543805e+000  1.913977e+000  1.188174e+000  4.027904e-001  -4.027904e-001  -1.188174e+000  -1.913977e+000  -2.543805e+000  -3.046077e+000  -3.395605e+000  -3.574864e+000  -0.000000e+000  
3.574864e+000  3.395605e+000  3.046077e+000  2.543805e+000  1.913977e+000  1.188174e+000  4.027904e-001  -4.027904e-001  -1.188174e+000  -1.913977e+000  -2.543805e+000  -3.046077e+000  -3.395605e+000  -3.574864e+000  -0.000000e+000  
3.574864e+000  3.395605e+000  3.046077e+000  2.543805e+000  1.913977e+000  1.188174e+000  4.027904e-001  -4.027904e-001  -1.188174e+000  -1.913977e+000  -2.543805e+000  -3.046077e+000  -3.395605e+000  -3.574864e+000  -0.000000e+000  
3.574864e+000  3.395605e+000  3.046077e+000  2.543805e+000  1.913977e+000  1.188174e+000  4.027904e-001  -4.027904e-001  -1.188174e+000  -1.913977e+000  -2.543805e+000  -3.046077e+000  -3.395605e+000  -3.574864e+000  -0.000000e+000  
3.574864e+000  3.395605e+000  3.046077e+000  2.543805e+000  1.913977e+000  1.188174e+000  4.027904e-001  -4.027904e-001  -1.188174e+000  -1.913977e+000  -2.543805e+000  -3.046077e+000  -3.395605e+000  -3.574864e+000  -0.000000e+000  
-0.000000e+000  -0.000000e+000  -0.000000e+000  -0.000000e+000  -0.000000e+000  -0.000000e+000  -0.000000e+000  -0.000000e+000  -0.000000e+000  -0.000000e+000  -0.000000e+000  -0.000000e+000  -0.000000e+000  -0.000000e+000  -0.000000e+000  

