Port monitor named: Port1_h1.prt

nx        = 49
ny        = 39
nz        = 215

nu        = 8
nv        = 5
iu        = 1
iv        = 1

idir      = 2
dcut      = 0.000000e+000
icut      = 4
type      = 1
frequency = 1.000000e+010

fcutoff   = 6.553707e+009
alpha     = 0.000000e+000
beta      = 1.583007e+002
accuracy  = 1.704329e-014

type          = TE
wave imp.     = 4.987775e+002
wave imp.sig. = 9.917872e-006
line imp.     = 0.000000e+000

ref. port     = 0

-4.171005e+000  -4.000655e+000  -3.503519e+000  -2.720205e+000  -1.890825e+000  -1.287235e+000  -6.517033e-001  0.000000e+000  
-4.171005e+000  -4.000655e+000  -3.503519e+000  -2.720205e+000  -1.890825e+000  -1.287235e+000  -6.517033e-001  0.000000e+000  
-4.171005e+000  -4.000655e+000  -3.503519e+000  -2.720205e+000  -1.890825e+000  -1.287235e+000  -6.517033e-001  0.000000e+000  
-4.171005e+000  -4.000655e+000  -3.503519e+000  -2.720205e+000  -1.890825e+000  -1.287235e+000  -6.517033e-001  0.000000e+000  
0.000000e+000  0.000000e+000  0.000000e+000  0.000000e+000  0.000000e+000  0.000000e+000  0.000000e+000  0.000000e+000  

0.000000e+000  0.000000e+000  0.000000e+000  0.000000e+000  0.000000e+000  0.000000e+000  0.000000e+000  0.000000e+000  
-4.718768e-009  -1.933856e-008  -6.480620e-008  -1.178820e-008  -2.644018e-008  1.570945e-008  3.064166e-008  0.000000e+000  
-3.958122e-009  -1.494147e-008  -3.396657e-008  -1.274253e-008  -9.141667e-009  5.719287e-009  1.409238e-008  0.000000e+000  
-2.187978e-009  -7.783773e-009  -1.484620e-008  -7.035913e-009  -3.400032e-009  1.955030e-009  5.414589e-009  0.000000e+000  
0.000000e+000  0.000000e+000  0.000000e+000  0.000000e+000  0.000000e+000  0.000000e+000  0.000000e+000  0.000000e+000  

0.000000e+000  0.000000e+000  0.000000e+000  0.000000e+000  0.000000e+000  0.000000e+000  0.000000e+000  0.000000e+000  
0.000000e+000  0.000000e+000  0.000000e+000  0.000000e+000  0.000000e+000  0.000000e+000  0.000000e+000  0.000000e+000  
0.000000e+000  0.000000e+000  0.000000e+000  0.000000e+000  0.000000e+000  0.000000e+000  0.000000e+000  0.000000e+000  
0.000000e+000  0.000000e+000  0.000000e+000  0.000000e+000  0.000000e+000  0.000000e+000  0.000000e+000  0.000000e+000  
0.000000e+000  0.000000e+000  0.000000e+000  0.000000e+000  0.000000e+000  0.000000e+000  0.000000e+000  0.000000e+000  

0.000000e+000  0.000000e+000  0.000000e+000  0.000000e+000  0.000000e+000  0.000000e+000  0.000000e+000  0.000000e+000  
0.000000e+000  0.000000e+000  0.000000e+000  0.000000e+000  0.000000e+000  0.000000e+000  0.000000e+000  0.000000e+000  
0.000000e+000  0.000000e+000  0.000000e+000  0.000000e+000  0.000000e+000  0.000000e+000  0.000000e+000  0.000000e+000  
0.000000e+000  0.000000e+000  0.000000e+000  0.000000e+000  0.000000e+000  0.000000e+000  0.000000e+000  0.000000e+000  
0.000000e+000  0.000000e+000  0.000000e+000  0.000000e+000  0.000000e+000  0.000000e+000  0.000000e+000  0.000000e+000  

0.000000e+000  0.000000e+000  0.000000e+000  0.000000e+000  0.000000e+000  0.000000e+000  0.000000e+000  0.000000e+000  
0.000000e+000  0.000000e+000  0.000000e+000  0.000000e+000  0.000000e+000  0.000000e+000  0.000000e+000  0.000000e+000  
0.000000e+000  0.000000e+000  0.000000e+000  0.000000e+000  0.000000e+000  0.000000e+000  0.000000e+000  0.000000e+000  
0.000000e+000  0.000000e+000  0.000000e+000  0.000000e+000  0.000000e+000  0.000000e+000  0.000000e+000  0.000000e+000  
0.000000e+000  0.000000e+000  0.000000e+000  0.000000e+000  0.000000e+000  0.000000e+000  0.000000e+000  0.000000e+000  

-5.171779e-001  -1.509289e+000  -2.378117e+000  -2.998628e+000  -3.324720e+000  -3.500662e+000  -3.589739e+000  -0.000000e+000  
-5.171779e-001  -1.509289e+000  -2.378117e+000  -2.998628e+000  -3.324720e+000  -3.500662e+000  -3.589739e+000  -0.000000e+000  
-5.171779e-001  -1.509289e+000  -2.378117e+000  -2.998628e+000  -3.324720e+000  -3.500662e+000  -3.589739e+000  -0.000000e+000  
-5.171779e-001  -1.509289e+000  -2.378117e+000  -2.998628e+000  -3.324720e+000  -3.500662e+000  -3.589739e+000  -0.000000e+000  
-0.000000e+000  -0.000000e+000  -0.000000e+000  -0.000000e+000  -0.000000e+000  -0.000000e+000  -0.000000e+000  -0.000000e+000  

