Port monitor named: Port1_e1.prt

nx        = 49
ny        = 39
nz        = 145

nu        = 8
nv        = 5
iu        = 1
iv        = 1

idir      = 2
dcut      = 0.000000e+000
icut      = 4
type      = 0
frequency = 1.000000e+010

fcutoff   = 6.553707e+009
alpha     = 0.000000e+000
beta      = 1.583007e+002
accuracy  = 1.704329e-014

type          = TE
wave imp.     = 4.987775e+002
wave imp.sig. = 9.917872e-006
line imp.     = 0.000000e+000

ref. port     = 0

0.000000e+000  0.000000e+000  0.000000e+000  0.000000e+000  0.000000e+000  0.000000e+000  0.000000e+000  0.000000e+000  
-6.205286e-007  -1.995513e-006  -3.702195e-006  -3.542453e-005  -4.244005e-006  2.875274e-006  5.610933e-006  0.000000e+000  
-5.003862e-007  -1.786540e-006  -4.709937e-006  -1.620608e-005  -5.397222e-006  -3.171589e-007  1.932138e-006  0.000000e+000  
-2.830086e-007  -1.046123e-006  -2.749525e-006  -6.545340e-006  -2.998580e-006  -7.247137e-007  4.130074e-007  0.000000e+000  
0.000000e+000  0.000000e+000  0.000000e+000  0.000000e+000  0.000000e+000  0.000000e+000  0.000000e+000  0.000000e+000  

2.080403e+003  1.995437e+003  1.747476e+003  1.356777e+003  9.431010e+002  6.420438e+002  3.250549e+002  0.000000e+000  
2.080403e+003  1.995436e+003  1.747476e+003  1.356777e+003  9.431010e+002  6.420439e+002  3.250549e+002  0.000000e+000  
2.080403e+003  1.995436e+003  1.747476e+003  1.356777e+003  9.431010e+002  6.420439e+002  3.250549e+002  0.000000e+000  
2.080403e+003  1.995436e+003  1.747476e+003  1.356777e+003  9.431010e+002  6.420439e+002  3.250549e+002  0.000000e+000  
0.000000e+000  0.000000e+000  0.000000e+000  0.000000e+000  0.000000e+000  0.000000e+000  0.000000e+000  0.000000e+000  

0.000000e+000  0.000000e+000  0.000000e+000  0.000000e+000  0.000000e+000  0.000000e+000  0.000000e+000  0.000000e+000  
0.000000e+000  0.000000e+000  0.000000e+000  0.000000e+000  0.000000e+000  0.000000e+000  0.000000e+000  0.000000e+000  
0.000000e+000  0.000000e+000  0.000000e+000  0.000000e+000  0.000000e+000  0.000000e+000  0.000000e+000  0.000000e+000  
0.000000e+000  0.000000e+000  0.000000e+000  0.000000e+000  0.000000e+000  0.000000e+000  0.000000e+000  0.000000e+000  
0.000000e+000  0.000000e+000  0.000000e+000  0.000000e+000  0.000000e+000  0.000000e+000  0.000000e+000  0.000000e+000  

0.000000e+000  0.000000e+000  0.000000e+000  0.000000e+000  0.000000e+000  0.000000e+000  0.000000e+000  0.000000e+000  
0.000000e+000  0.000000e+000  0.000000e+000  0.000000e+000  0.000000e+000  0.000000e+000  0.000000e+000  0.000000e+000  
0.000000e+000  0.000000e+000  0.000000e+000  0.000000e+000  0.000000e+000  0.000000e+000  0.000000e+000  0.000000e+000  
0.000000e+000  0.000000e+000  0.000000e+000  0.000000e+000  0.000000e+000  0.000000e+000  0.000000e+000  0.000000e+000  
0.000000e+000  0.000000e+000  0.000000e+000  0.000000e+000  0.000000e+000  0.000000e+000  0.000000e+000  0.000000e+000  

0.000000e+000  0.000000e+000  0.000000e+000  0.000000e+000  0.000000e+000  0.000000e+000  0.000000e+000  0.000000e+000  
0.000000e+000  0.000000e+000  0.000000e+000  0.000000e+000  0.000000e+000  0.000000e+000  0.000000e+000  0.000000e+000  
0.000000e+000  0.000000e+000  0.000000e+000  0.000000e+000  0.000000e+000  0.000000e+000  0.000000e+000  0.000000e+000  
0.000000e+000  0.000000e+000  0.000000e+000  0.000000e+000  0.000000e+000  0.000000e+000  0.000000e+000  0.000000e+000  
0.000000e+000  0.000000e+000  0.000000e+000  0.000000e+000  0.000000e+000  0.000000e+000  0.000000e+000  0.000000e+000  

0.000000e+000  0.000000e+000  0.000000e+000  0.000000e+000  0.000000e+000  0.000000e+000  0.000000e+000  0.000000e+000  
3.313701e-006  2.742850e-006  2.230209e-007  -9.204504e-006  -1.032801e-006  -2.656507e-006  -1.755993e-006  0.000000e+000  
2.003374e-006  1.517916e-006  -3.483499e-007  -4.377318e-006  -1.652832e-006  -1.500776e-006  -9.253087e-007  0.000000e+000  
9.337486e-007  6.675056e-007  -2.667094e-007  -1.800133e-006  -9.604203e-007  -7.239164e-007  -4.153172e-007  0.000000e+000  
0.000000e+000  0.000000e+000  0.000000e+000  0.000000e+000  0.000000e+000  0.000000e+000  0.000000e+000  0.000000e+000  

